2026-05-08T11:35:00+05:30 - The "YouTube" skill configuration file does not exist. Try to pull the project (git pull)
2026-05-08T11:35:00+05:30 - The "Q&A" skill configuration file does not exist. Try to pull the project (git pull)
2026-05-08T11:35:00+05:30 - The "OCR" skill configuration file does not exist. Try to pull the project (git pull)
2026-05-08T11:35:00+05:30 - The "Reminders" skill configuration file does not exist. Try to pull the project (git pull)
2026-05-08T11:35:00+05:30 - The "Chrome" skill configuration file does not exist. Try to pull the project (git pull)
2026-05-08T11:35:00+05:30 - The "Dictionary" skill configuration file does not exist. Try to pull the project (git pull)
2026-05-08T11:35:00+05:30 - The "News" skill configuration file does not exist. Try to pull the project (git pull)
2026-05-08T11:35:00+05:30 - The "Weather" skill configuration file does not exist. Try to pull the project (git pull)
2026-05-08T11:35:00+05:30 - The "Wiki" skill configuration file does not exist. Try to pull the project (git pull)
2026-05-08T11:35:00+05:30 - undefined
2026-05-08T11:38:42+05:30 - The "YouTube" skill configuration file does not exist. Try to pull the project (git pull)
2026-05-08T11:38:42+05:30 - The "Q&A" skill configuration file does not exist. Try to pull the project (git pull)
2026-05-08T11:38:42+05:30 - undefined
2026-05-08T11:38:42+05:30 - The "OCR" skill configuration file does not exist. Try to pull the project (git pull)
2026-05-08T11:38:42+05:30 - The "Reminders" skill configuration file does not exist. Try to pull the project (git pull)
2026-05-08T11:38:42+05:30 - The "Chrome" skill configuration file does not exist. Try to pull the project (git pull)
2026-05-08T11:38:42+05:30 - The "Dictionary" skill configuration file does not exist. Try to pull the project (git pull)
2026-05-08T11:38:42+05:30 - The "News" skill configuration file does not exist. Try to pull the project (git pull)
2026-05-08T11:38:42+05:30 - The "Weather" skill configuration file does not exist. Try to pull the project (git pull)
2026-05-08T11:38:42+05:30 - The "Wiki" skill configuration file does not exist. Try to pull the project (git pull)